<?xml version="1.0" encoding="UTF-8"?>
<Site BuildName="Linux-c++"
	BuildStamp="20240713-0005-Experimental"
	Name="TPC"
	Generator="ctest-3.29.6"
	CompilerName="/usr/bin/c++"
	CompilerVersion="14.1.1"
	OSName="Linux"
	Hostname="TPC"
	OSRelease="6.9.7-arch1-1"
	OSVersion="#1 SMP PREEMPT_DYNAMIC Fri, 28 Jun 2024 04:32:50 +0000"
	OSPlatform="x86_64"
	Is64Bits="1"
	VendorString="GenuineIntel"
	VendorID="Intel Corporation"
	FamilyID="6"
	ModelID="158"
	ProcessorCacheSize="12288"
	NumberOfLogicalCPU="12"
	NumberOfPhysicalCPU="6"
	TotalVirtualMemory="17407"
	TotalPhysicalMemory="15844"
	LogicalProcessorsPerPhysical="2"
	ProcessorClockFrequency="4000"
	>
	<Testing>
		<StartDateTime>Jul 12 20:53 EDT</StartDateTime>
		<StartTestTime>1720832016</StartTestTime>
		<TestList/>
		<EndDateTime>Jul 12 20:53 EDT</EndDateTime>
		<EndTestTime>1720832016</EndTestTime>
		<ElapsedMinutes>0</ElapsedMinutes>
	</Testing>
</Site>
